<?xml version="1.0" encoding="UTF-8"?>
<testsuite xmlns:xsi="http://www.w3.org/2001/XMLSchema-instance" xsi:noNamespaceSchemaLocation="https://maven.apache.org/surefire/maven-surefire-plugin/xsd/surefire-test-report.xsd" name="com.mashibing.verification.VerificationApplicationTests" time="0.242" tests="1" errors="1" skipped="0" failures="0">
  <properties>
[...]
</properties>
  <testcase name="com.mashibing.verification.VerificationApplicationTests" classname="com.mashibing.verification.VerificationApplicationTests" time="0.24">
    <error message="Found multiple @SpringBootConfiguration annotated classes [Generic bean: class [com.mashibing.verification.VerificationApplication]; scope=; abstract=false; lazyInit=null; autowireMode=0; dependencyCheck=0; autowireCandidate=true; primary=false; factoryBeanName=null; factoryMethodName=null; initMethodName=null; destroyMethodName=null; defined in file [D:\online-taxi-2022-public\online-taxi-public\verification\target\classes\com\mashibing\verification\VerificationApplication.class], Generic bean: class [com.mashibing.verification.VerificationCodeApplication]; scope=; abstract=false; lazyInit=null; autowireMode=0; dependencyCheck=0; autowireCandidate=true; primary=false; factoryBeanName=null; factoryMethodName=null; initMethodName=null; destroyMethodName=null; defined in file [D:\online-taxi-2022-public\online-taxi-public\verification\target\classes\com\mashibing\verification\VerificationCodeApplication.class]]" type="java.lang.IllegalStateException">java.lang.IllegalStateException: Found multiple @SpringBootConfiguration annotated classes [Generic bean: class [com.mashibing.verification.VerificationApplication]; scope=; abstract=false; lazyInit=null; autowireMode=0; dependencyCheck=0; autowireCandidate=true; primary=false; factoryBeanName=null; factoryMethodName=null; initMethodName=null; destroyMethodName=null; defined in file [D:\online-taxi-2022-public\online-taxi-public\verification\target\classes\com\mashibing\verification\VerificationApplication.class], Generic bean: class [com.mashibing.verification.VerificationCodeApplication]; scope=; abstract=false; lazyInit=null; autowireMode=0; dependencyCheck=0; autowireCandidate=true; primary=false; factoryBeanName=null; factoryMethodName=null; initMethodName=null; destroyMethodName=null; defined in file [D:\online-taxi-2022-public\online-taxi-public\verification\target\classes\com\mashibing\verification\VerificationCodeApplication.class]]
</error>
    <system-out><![CDATA[10:13:37.907 [main] DEBUG org.springframework.test.context.BootstrapUtils - Instantiating CacheAwareContextLoaderDelegate from class [org.springframework.test.context.cache.DefaultCacheAwareContextLoaderDelegate]
10:13:37.918 [main] DEBUG org.springframework.test.context.BootstrapUtils - Instantiating BootstrapContext using constructor [public org.springframework.test.context.support.DefaultBootstrapContext(java.lang.Class,org.springframework.test.context.CacheAwareContextLoaderDelegate)]
10:13:37.961 [main] DEBUG org.springframework.test.context.BootstrapUtils - Instantiating TestContextBootstrapper for test class [com.mashibing.verification.VerificationApplicationTests] from class [org.springframework.boot.test.context.SpringBootTestContextBootstrapper]
10:13:37.973 [main] INFO org.springframework.boot.test.context.SpringBootTestContextBootstrapper - Neither @ContextConfiguration nor @ContextHierarchy found for test class [com.mashibing.verification.VerificationApplicationTests], using SpringBootContextLoader
10:13:37.978 [main] DEBUG org.springframework.test.context.support.AbstractContextLoader - Did not detect default resource location for test class [com.mashibing.verification.VerificationApplicationTests]: class path resource [com/mashibing/verification/VerificationApplicationTests-context.xml] does not exist
10:13:37.978 [main] DEBUG org.springframework.test.context.support.AbstractContextLoader - Did not detect default resource location for test class [com.mashibing.verification.VerificationApplicationTests]: class path resource [com/mashibing/verification/VerificationApplicationTestsContext.groovy] does not exist
10:13:37.978 [main] INFO org.springframework.test.context.support.AbstractContextLoader - Could not detect default resource locations for test class [com.mashibing.verification.VerificationApplicationTests]: no resource found for suffixes {-context.xml, Context.groovy}.
10:13:37.979 [main] INFO org.springframework.test.context.support.AnnotationConfigContextLoaderUtils - Could not detect default configuration classes for test class [com.mashibing.verification.VerificationApplicationTests]: VerificationApplicationTests does not declare any static, non-private, non-final, nested classes annotated with @Configuration.
10:13:38.014 [main] DEBUG org.springframework.test.context.support.ActiveProfilesUtils - Could not find an 'annotation declaring class' for annotation type [org.springframework.test.context.ActiveProfiles] and class [com.mashibing.verification.VerificationApplicationTests]
10:13:38.073 [main] DEBUG org.springframework.context.annotation.ClassPathScanningCandidateComponentProvider - Identified candidate component class: file [D:\online-taxi-2022-public\online-taxi-public\verification\target\classes\com\mashibing\verification\VerificationApplication.class]
10:13:38.073 [main] DEBUG org.springframework.context.annotation.ClassPathScanningCandidateComponentProvider - Identified candidate component class: file [D:\online-taxi-2022-public\online-taxi-public\verification\target\classes\com\mashibing\verification\VerificationCodeApplication.class]
]]></system-out>
  </testcase>
</testsuite>